Vivado Simulator 2018.3
Time resolution is 1 ps
WARNING: This core is supplied with a behavioral model. To model cycle-accurate behavior you must run timing simulation.
WARNING: This core is supplied with a behavioral model. To model cycle-accurate behavior you must run timing simulation.
WARNING: This core is supplied with a behavioral model. To model cycle-accurate behavior you must run timing simulation.
Warning: NUMERIC_STD."=": metavalue detected, returning FALSE
Time: 110 ns  Iteration: 3  Process: /testbench/test/rgb2dvi/U0/\DataEncoders(0)\/DataEncoder/line__154  File: D:/Vivado_project18.3/Color_Snake/Color_Snake.ip_user_files/ipstatic/src/TMDS_Encoder.vhd
Warning: NUMERIC_STD."=": metavalue detected, returning FALSE
Time: 110 ns  Iteration: 3  Process: /testbench/test/rgb2dvi/U0/\DataEncoders(1)\/DataEncoder/line__154  File: D:/Vivado_project18.3/Color_Snake/Color_Snake.ip_user_files/ipstatic/src/TMDS_Encoder.vhd
Warning: NUMERIC_STD."=": metavalue detected, returning FALSE
Time: 110 ns  Iteration: 3  Process: /testbench/test/rgb2dvi/U0/\DataEncoders(2)\/DataEncoder/line__154  File: D:/Vivado_project18.3/Color_Snake/Color_Snake.ip_user_files/ipstatic/src/TMDS_Encoder.vhd
Warning: NUMERIC_STD."=": metavalue detected, returning FALSE
Time: 5790 ns  Iteration: 5  Process: /testbench/test/rgb2dvi/U0/\DataEncoders(0)\/DataEncoder/line__154  File: D:/Vivado_project18.3/Color_Snake/Color_Snake.ip_user_files/ipstatic/src/TMDS_Encoder.vhd
Warning: NUMERIC_STD."=": metavalue detected, returning FALSE
Time: 5790 ns  Iteration: 5  Process: /testbench/test/rgb2dvi/U0/\DataEncoders(1)\/DataEncoder/line__154  File: D:/Vivado_project18.3/Color_Snake/Color_Snake.ip_user_files/ipstatic/src/TMDS_Encoder.vhd
Warning: NUMERIC_STD."=": metavalue detected, returning FALSE
Time: 5790 ns  Iteration: 5  Process: /testbench/test/rgb2dvi/U0/\DataEncoders(2)\/DataEncoder/line__154  File: D:/Vivado_project18.3/Color_Snake/Color_Snake.ip_user_files/ipstatic/src/TMDS_Encoder.vhd
Warning: Warning : input CLKIN1 period and attribute CLKIN1_PERIOD are not same.
Time: 6355385 ps  Iteration: 6  Process: /testbench/test/rgb2dvi/U0/clockgeninternal/ClockGenX/genpll/DVI_ClkGenerator/pchk_p  File: D:\vivado_18.3\Vivado\2018.3\data/vhdl/src/unisims/primitive/PLLE2_ADV.vhd
Warning : input CLKIN1 period and attribute CLKIN1_PERIOD on PLLE2_ADV instance testbench.test.clk_10.inst.plle2_adv_inst are not same.
