Copyright 1986-2018 Xilinx, Inc. All Rights Reserved.
-------------------------------------------------------------------------------------------------------------------------------------------------
| Tool Version     : Vivado v.2018.3 (win64) Build 2405991 Thu Dec  6 23:38:27 MST 2018
| Date             : Sat Aug  1 15:03:00 2020
| Host             : LAPTOP-UP9RUFLK running 64-bit major release  (build 9200)
| Command          : report_power -file snake_top_power_routed.rpt -pb snake_top_power_summary_routed.pb -rpx snake_top_power_routed.rpx
| Design           : snake_top
| Device           : xc7s15ftgb196-1
| Design State     : routed
| Grade            : commercial
| Process          : typical
| Characterization : Production
-------------------------------------------------------------------------------------------------------------------------------------------------

Power Report

Table of Contents
-----------------
1. Summary
1.1 On-Chip Components
1.2 Power Supply Summary
1.3 Confidence Level
2. Settings
2.1 Environment
2.2 Clock Constraints
3. Detailed Reports
3.1 By Hierarchy

1. Summary
----------

+--------------------------+--------------+
| Total On-Chip Power (W)  | 0.481        |
| Design Power Budget (W)  | Unspecified* |
| Power Budget Margin (W)  | NA           |
| Dynamic (W)              | 0.461        |
| Device Static (W)        | 0.020        |
| Effective TJA (C/W)      | 3.4          |
| Max Ambient (C)          | 83.4         |
| Junction Temperature (C) | 26.6         |
| Confidence Level         | Low          |
| Setting File             | ---          |
| Simulation Activity File | ---          |
| Design Nets Matched      | NA           |
+--------------------------+--------------+
* Specify Design Power Budget using, set_operating_conditions -design_power_budget <value in Watts>


1.1 On-Chip Components
----------------------

+----------------+-----------+----------+-----------+-----------------+
| On-Chip        | Power (W) | Used     | Available | Utilization (%) |
+----------------+-----------+----------+-----------+-----------------+
| Clocks         |     0.009 |       10 |       --- |             --- |
| Slice Logic    |     0.010 |     2522 |       --- |             --- |
|   LUT as Logic |     0.009 |     1074 |      8000 |           13.43 |
|   CARRY4       |    <0.001 |      388 |      2000 |           19.40 |
|   Register     |    <0.001 |      603 |     16000 |            3.77 |
|   Others       |     0.000 |       66 |       --- |             --- |
|   BUFG         |     0.000 |        1 |        16 |            6.25 |
| Signals        |     0.012 |     1839 |       --- |             --- |
| Block RAM      |     0.018 |        3 |        10 |           30.00 |
| PLL            |     0.270 |        2 |         2 |          100.00 |
| I/O            |     0.142 |       13 |       100 |           13.00 |
| Static Power   |     0.020 |          |           |                 |
| Total          |     0.481 |          |           |                 |
+----------------+-----------+----------+-----------+-----------------+


1.2 Power Supply Summary
------------------------

+-----------+-------------+-----------+-------------+------------+
| Source    | Voltage (V) | Total (A) | Dynamic (A) | Static (A) |
+-----------+-------------+-----------+-------------+------------+
| Vccint    |       1.000 |     0.082 |       0.078 |      0.004 |
| Vccaux    |       1.800 |     0.142 |       0.135 |      0.007 |
| Vcco33    |       3.300 |     0.043 |       0.042 |      0.001 |
| Vcco25    |       2.500 |     0.000 |       0.000 |      0.000 |
| Vcco18    |       1.800 |     0.000 |       0.000 |      0.000 |
| Vcco15    |       1.500 |     0.000 |       0.000 |      0.000 |
| Vcco135   |       1.350 |     0.000 |       0.000 |      0.000 |
| Vcco12    |       1.200 |     0.000 |       0.000 |      0.000 |
| Vccaux_io |       1.800 |     0.000 |       0.000 |      0.000 |
| Vccbram   |       1.000 |     0.002 |       0.001 |      0.000 |
| Vccadc    |       1.800 |     0.000 |       0.000 |      0.000 |
+-----------+-------------+-----------+-------------+------------+


1.3 Confidence Level
--------------------

+-----------------------------+------------+-------------------------------------------------------+--------------------------------------------------------------------------------------------------------------------+
| User Input Data             | Confidence | Details                                               | Action                                                                                                             |
+-----------------------------+------------+-------------------------------------------------------+--------------------------------------------------------------------------------------------------------------------+
| Design implementation state | High       | Design is routed                                      |                                                                                                                    |
| Clock nodes activity        | Low        | User specified less than 75% of clocks                | Provide missing clock activity with a constraint file, simulation results or by editing the "By Clock Domain" view |
| I/O nodes activity          | Medium     | More than 5% of inputs are missing user specification | Provide missing input activity with simulation results or by editing the "By Resource Type -> I/Os" view           |
| Internal nodes activity     | Medium     | User specified less than 25% of internal nodes        | Provide missing internal nodes activity with simulation results or by editing the "By Resource Type" views         |
| Device models               | High       | Device models are Production                          |                                                                                                                    |
|                             |            |                                                       |                                                                                                                    |
| Overall confidence level    | Low        |                                                       |                                                                                                                    |
+-----------------------------+------------+-------------------------------------------------------+--------------------------------------------------------------------------------------------------------------------+


2. Settings
-----------

2.1 Environment
---------------

+-----------------------+--------------------------+
| Ambient Temp (C)      | 25.0                     |
| ThetaJA (C/W)         | 3.4                      |
| Airflow (LFM)         | 250                      |
| Heat Sink             | medium (Medium Profile)  |
| ThetaSA (C/W)         | 15.4                     |
| Board Selection       | medium (10"x10")         |
| # of Board Layers     | 12to15 (12 to 15 Layers) |
| Board Temperature (C) | 25.0                     |
+-----------------------+--------------------------+


2.2 Clock Constraints
---------------------

+--------------------+-------------------------------------------------+-----------------+
| Clock              | Domain                                          | Constraint (ns) |
+--------------------+-------------------------------------------------+-----------------+
| CLKFBIN            | rgb2dvi/U0/ClockGenInternal.ClockGenX/CLKFBIN   |             6.8 |
| PixelClkIO         | rgb2dvi/U0/ClockGenInternal.ClockGenX/PixelClk  |             6.8 |
| SerialClkIO        | rgb2dvi/U0/ClockGenInternal.ClockGenX/SerialClk |             1.4 |
| clk_out1_clk_wiz_0 | clk_10/inst/clk_out1_clk_wiz_0                  |             6.8 |
| clk_out2_clk_wiz_0 | clk_10/inst/clk_out2_clk_wiz_0                  |            10.2 |
| clkfbout_clk_wiz_0 | clk_10/inst/clkfbout_clk_wiz_0                  |            40.0 |
| sys_clk_pin        | clk_100MHz                                      |            10.0 |
+--------------------+-------------------------------------------------+-----------------+


3. Detailed Reports
-------------------

3.1 By Hierarchy
----------------

+--------------------------------------+-----------+
| Name                                 | Power (W) |
+--------------------------------------+-----------+
| snake_top                            |     0.461 |
|   Driver_HDMI0                       |     0.010 |
|   Snake_position0                    |     0.002 |
|   Video_Generator0                   |     0.021 |
|     BODY_B_ROM                       |     0.003 |
|       U0                             |     0.003 |
|     BODY_G_ROM                       |     0.003 |
|       U0                             |     0.003 |
|     BODY_R_ROM                       |     0.003 |
|       U0                             |     0.003 |
|     B_ROM                            |     0.003 |
|       U0                             |     0.003 |
|     G_ROM                            |     0.003 |
|       U0                             |     0.003 |
|     R_ROM                            |     0.003 |
|       U0                             |     0.003 |
|   clk_10                             |     0.134 |
|     inst                             |     0.134 |
|   rgb2dvi                            |     0.290 |
|     U0                               |     0.290 |
|       ClockGenInternal.ClockGenX     |     0.137 |
|       ClockSerializer                |     0.034 |
|       DataEncoders[0].DataEncoder    |     0.003 |
|       DataEncoders[0].DataSerializer |     0.037 |
|       DataEncoders[1].DataEncoder    |     0.003 |
|       DataEncoders[1].DataSerializer |     0.037 |
|       DataEncoders[2].DataEncoder    |     0.003 |
|       DataEncoders[2].DataSerializer |     0.037 |
+--------------------------------------+-----------+


