Copyright 1986-2018 Xilinx, Inc. All Rights Reserved.
------------------------------------------------------------------------------------------------------------------
| Tool Version : Vivado v.2018.3 (win64) Build 2405991 Thu Dec  6 23:38:27 MST 2018
| Date         : Sat Aug  1 15:02:02 2020
| Host         : LAPTOP-UP9RUFLK running 64-bit major release  (build 9200)
| Command      : report_drc -file snake_top_drc_opted.rpt -pb snake_top_drc_opted.pb -rpx snake_top_drc_opted.rpx
| Design       : snake_top
| Device       : xc7s15ftgb196-1
| Speed File   : -1
| Design State : Synthesized
------------------------------------------------------------------------------------------------------------------

Report DRC

Table of Contents
-----------------
1. REPORT SUMMARY
2. REPORT DETAILS

1. REPORT SUMMARY
-----------------
            Netlist: netlist
          Floorplan: design_1
      Design limits: <entire design considered>
           Ruledeck: default
             Max violations: <unlimited>
             Violations found: 1
+-------------+----------+-------------------------------------------------------------+------------+
| Rule        | Severity | Description                                                 | Violations |
+-------------+----------+-------------------------------------------------------------+------------+
| PLHOLDVIO-2 | Warning  | Non-Optimal connections which could lead to hold violations | 1          |
+-------------+----------+-------------------------------------------------------------+------------+

2. REPORT DETAILS
-----------------
PLHOLDVIO-2#1 Warning
Non-Optimal connections which could lead to hold violations  
A LUT key_pro0/FSM_sequential_State_Next[1]_i_2 is driving clock pin of 2 cells. This could lead to large hold time violations. Involved cells are:
key_direct0/FSM_sequential_State_Next_reg[0], key_direct0/FSM_sequential_State_Next_reg[1]
Related violations: <none>


